INFO - 07/15/20 10:52:03 - 0:00:00 - ============ Initialized logger ============
INFO - 07/15/20 10:52:03 - 0:00:00 - adversarial: True
                                     batch_size: 32
                                     cuda: False
                                     dico_build: S2T
                                     dico_eval: default
                                     dico_max_rank: 15000
                                     dico_max_size: 0
                                     dico_method: csls_knn_10
                                     dico_min_size: 0
                                     dico_threshold: 0
                                     dis_clip_weights: 0
                                     dis_dropout: 0.0
                                     dis_hid_dim: 2048
                                     dis_input_dropout: 0.1
                                     dis_lambda: 1
                                     dis_layers: 2
                                     dis_most_frequent: 75000
                                     dis_optimizer: sgd,lr=0.1
                                     dis_smooth: 0.1
                                     dis_steps: 5
                                     emb_dim: 100
                                     epoch_size: 500
                                     exp_id: 
                                     exp_name: debug
                                     exp_path: C:\Users\ASUS\Desktop\MUSE-master\dumped\debug\nzdaesvyl0
                                     export: txt
                                     lr_decay: 0.98
                                     lr_shrink: 0.5
                                     map_beta: 0.001
                                     map_id_init: True
                                     map_optimizer: sgd,lr=0.1
                                     max_vocab: 521242
                                     min_lr: 1e-06
                                     n_epochs: 5
                                     n_refinement: 5
                                     normalize_embeddings: center
                                     seed: -1
                                     src_emb: data/tcn_embed.vec
                                     src_lang: zh
                                     tgt_emb: data/en_embed.vec
                                     tgt_lang: en
                                     verbose: 2
INFO - 07/15/20 10:52:03 - 0:00:00 - The experiment will be stored in C:\Users\ASUS\Desktop\MUSE-master\dumped\debug\nzdaesvyl0
INFO - 07/15/20 10:52:43 - 0:00:40 - Loaded 521242 pre-trained word embeddings.
INFO - 07/15/20 10:52:53 - 0:00:50 - Loaded 94646 pre-trained word embeddings.
INFO - 07/15/20 10:52:54 - 0:00:51 - ----> ADVERSARIAL TRAINING <----
                                     
                                     
INFO - 07/15/20 10:52:55 - 0:00:52 - Starting adversarial training epoch 0...
INFO - 07/15/20 10:52:56 - 0:00:53 - 000000 - Discriminator loss: 0.6895 - 41 samples/s
INFO - 07/15/20 10:55:14 - 0:03:11 - Building the train dictionary ...
INFO - 07/15/20 10:55:14 - 0:03:11 - New train dictionary of 2979 pairs.
INFO - 07/15/20 10:55:14 - 0:03:11 - Mean cosine (nn method, S2T build, 10000 max size): 0.38787
INFO - 07/15/20 11:39:51 - 0:47:48 - Building the train dictionary ...
INFO - 07/15/20 11:39:51 - 0:47:48 - New train dictionary of 2643 pairs.
INFO - 07/15/20 11:39:51 - 0:47:48 - Mean cosine (csls_knn_10 method, S2T build, 10000 max size): 0.38325
INFO - 07/15/20 11:41:06 - 0:49:03 - Discriminator source / target predictions: 0.43310 / 0.42992
INFO - 07/15/20 11:41:06 - 0:49:03 - Discriminator source / target / global accuracy: 0.07168 / 0.99334 / 0.21332
INFO - 07/15/20 11:41:06 - 0:49:03 - __log__:{"n_epoch": 0, "mean_cosine-nn-S2T-10000": 0.38786545395851135, "mean_cosine-csls_knn_10-S2T-10000": 0.3832544684410095, "dis_accu": 0.2133196295430338, "dis_src_pred": 0.4330967977935123, "dis_tgt_pred": 0.4299167825301985}
INFO - 07/15/20 11:41:06 - 0:49:03 - * Best value for "mean_cosine-csls_knn_10-S2T-10000": 0.38325
INFO - 07/15/20 11:41:06 - 0:49:03 - * Saving the mapping to C:\Users\ASUS\Desktop\MUSE-master\dumped\debug\nzdaesvyl0\best_mapping.pth ...
INFO - 07/15/20 11:41:06 - 0:49:03 - End of epoch 0.
                                     
                                     
INFO - 07/15/20 11:41:06 - 0:49:03 - Decreasing learning rate: 0.10000000 -> 0.09800000
INFO - 07/15/20 11:41:06 - 0:49:03 - Starting adversarial training epoch 1...
INFO - 07/15/20 11:41:07 - 0:49:04 - 000000 - Discriminator loss: 0.6049 - 53 samples/s
INFO - 07/15/20 11:42:58 - 0:50:55 - Building the train dictionary ...
INFO - 07/15/20 11:42:58 - 0:50:55 - New train dictionary of 2636 pairs.
INFO - 07/15/20 11:42:58 - 0:50:55 - Mean cosine (nn method, S2T build, 10000 max size): 0.38901
INFO - 07/15/20 12:21:32 - 1:29:30 - Building the train dictionary ...
INFO - 07/15/20 12:21:32 - 1:29:30 - New train dictionary of 2530 pairs.
INFO - 07/15/20 12:21:32 - 1:29:30 - Mean cosine (csls_knn_10 method, S2T build, 10000 max size): 0.38319
INFO - 07/15/20 12:22:50 - 1:30:47 - Discriminator source / target predictions: 0.45961 / 0.44129
INFO - 07/15/20 12:22:50 - 1:30:47 - Discriminator source / target / global accuracy: 0.07888 / 0.94390 / 0.21181
INFO - 07/15/20 12:22:50 - 1:30:47 - __log__:{"n_epoch": 1, "mean_cosine-nn-S2T-10000": 0.38900813460350037, "mean_cosine-csls_knn_10-S2T-10000": 0.38319212198257446, "dis_accu": 0.21180636739147377, "dis_src_pred": 0.4596140009989522, "dis_tgt_pred": 0.44128759339186735}
INFO - 07/15/20 12:22:50 - 1:30:47 - End of epoch 1.
                                     
                                     
INFO - 07/15/20 12:22:50 - 1:30:47 - Decreasing learning rate: 0.09800000 -> 0.09604000
INFO - 07/15/20 12:22:50 - 1:30:47 - Validation metric is smaller than the best: 0.38319 vs 0.38325
INFO - 07/15/20 12:22:50 - 1:30:47 - Starting adversarial training epoch 2...
INFO - 07/15/20 12:22:51 - 1:30:49 - 000000 - Discriminator loss: 0.6398 - 52 samples/s
INFO - 07/15/20 12:24:42 - 1:32:39 - Building the train dictionary ...
INFO - 07/15/20 12:24:42 - 1:32:39 - New train dictionary of 2259 pairs.
INFO - 07/15/20 12:24:42 - 1:32:39 - Mean cosine (nn method, S2T build, 10000 max size): 0.37908
