INFO - 07/14/20 15:40:17 - 0:00:00 - ============ Initialized logger ============
INFO - 07/14/20 15:40:17 - 0:00:00 - adversarial: True
                                     batch_size: 32
                                     cuda: False
                                     dico_build: S2T
                                     dico_eval: default
                                     dico_max_rank: 15000
                                     dico_max_size: 0
                                     dico_method: csls_knn_10
                                     dico_min_size: 0
                                     dico_threshold: 0
                                     dis_clip_weights: 0
                                     dis_dropout: 0.0
                                     dis_hid_dim: 2048
                                     dis_input_dropout: 0.1
                                     dis_lambda: 1
                                     dis_layers: 2
                                     dis_most_frequent: 75000
                                     dis_optimizer: sgd,lr=0.1
                                     dis_smooth: 0.1
                                     dis_steps: 5
                                     emb_dim: 100
                                     epoch_size: 1000000
                                     exp_id: 
                                     exp_name: debug
                                     exp_path: C:\Users\ASUS\Desktop\MUSE-master\dumped\debug\455kz8us3w
                                     export: txt
                                     lr_decay: 0.98
                                     lr_shrink: 0.5
                                     map_beta: 0.001
                                     map_id_init: True
                                     map_optimizer: sgd,lr=0.1
                                     max_vocab: 200000
                                     min_lr: 1e-06
                                     n_epochs: 5
                                     n_refinement: 5
                                     normalize_embeddings: center
                                     seed: -1
                                     src_emb: data/tcn_embed.vec
                                     src_lang: zh
                                     tgt_emb: data/en_embed.vec
                                     tgt_lang: en
                                     verbose: 2
INFO - 07/14/20 15:40:17 - 0:00:00 - The experiment will be stored in C:\Users\ASUS\Desktop\MUSE-master\dumped\debug\455kz8us3w
INFO - 07/14/20 15:40:32 - 0:00:14 - Loaded 200000 pre-trained word embeddings.
INFO - 07/14/20 15:40:40 - 0:00:23 - Loaded 94646 pre-trained word embeddings.
INFO - 07/14/20 15:40:41 - 0:00:24 - ----> ADVERSARIAL TRAINING <----
                                     
                                     
INFO - 07/14/20 15:40:41 - 0:00:24 - Starting adversarial training epoch 0...
INFO - 07/14/20 15:40:43 - 0:00:25 - 000000 - Discriminator loss: 0.6922 - 47 samples/s
INFO - 07/14/20 15:41:16 - 0:00:59 - 004000 - Discriminator loss: 0.6288 - 237 samples/s
INFO - 07/14/20 15:41:52 - 0:01:34 - 008000 - Discriminator loss: 0.5689 - 224 samples/s
INFO - 07/14/20 15:42:27 - 0:02:10 - 012000 - Discriminator loss: 0.5702 - 226 samples/s
INFO - 07/14/20 15:43:03 - 0:02:45 - 016000 - Discriminator loss: 0.5790 - 225 samples/s
INFO - 07/14/20 15:43:39 - 0:03:22 - 020000 - Discriminator loss: 0.5722 - 218 samples/s
INFO - 07/14/20 15:44:15 - 0:03:58 - 024000 - Discriminator loss: 0.5744 - 221 samples/s
INFO - 07/14/20 15:44:52 - 0:04:34 - 028000 - Discriminator loss: 0.5687 - 219 samples/s
INFO - 07/14/20 15:45:28 - 0:05:10 - 032000 - Discriminator loss: 0.5685 - 221 samples/s
INFO - 07/14/20 15:46:03 - 0:05:46 - 036000 - Discriminator loss: 0.5716 - 224 samples/s
INFO - 07/14/20 15:46:40 - 0:06:23 - 040000 - Discriminator loss: 0.5666 - 217 samples/s
INFO - 07/14/20 15:47:17 - 0:06:59 - 044000 - Discriminator loss: 0.5682 - 220 samples/s
INFO - 07/14/20 15:47:52 - 0:07:35 - 048000 - Discriminator loss: 0.5688 - 223 samples/s
INFO - 07/14/20 15:48:27 - 0:08:10 - 052000 - Discriminator loss: 0.5652 - 227 samples/s
INFO - 07/14/20 15:49:03 - 0:08:46 - 056000 - Discriminator loss: 0.5646 - 224 samples/s
INFO - 07/14/20 15:49:41 - 0:09:23 - 060000 - Discriminator loss: 0.5633 - 213 samples/s
INFO - 07/14/20 15:50:19 - 0:10:01 - 064000 - Discriminator loss: 0.5643 - 210 samples/s
INFO - 07/14/20 15:50:55 - 0:10:38 - 068000 - Discriminator loss: 0.5649 - 218 samples/s
INFO - 07/14/20 15:51:31 - 0:11:14 - 072000 - Discriminator loss: 0.5627 - 221 samples/s
INFO - 07/14/20 15:52:08 - 0:11:50 - 076000 - Discriminator loss: 0.5644 - 220 samples/s
INFO - 07/14/20 15:52:44 - 0:12:26 - 080000 - Discriminator loss: 0.5610 - 221 samples/s
INFO - 07/14/20 15:53:20 - 0:13:03 - 084000 - Discriminator loss: 0.5589 - 219 samples/s
INFO - 07/14/20 15:53:56 - 0:13:39 - 088000 - Discriminator loss: 0.5602 - 222 samples/s
INFO - 07/14/20 15:54:32 - 0:14:14 - 092000 - Discriminator loss: 0.5588 - 224 samples/s
INFO - 07/14/20 15:55:08 - 0:14:51 - 096000 - Discriminator loss: 0.5592 - 221 samples/s
INFO - 07/14/20 15:55:45 - 0:15:27 - 100000 - Discriminator loss: 0.5605 - 219 samples/s
INFO - 07/14/20 15:56:21 - 0:16:03 - 104000 - Discriminator loss: 0.5589 - 221 samples/s
INFO - 07/14/20 15:56:57 - 0:16:39 - 108000 - Discriminator loss: 0.5543 - 221 samples/s
INFO - 07/14/20 15:57:33 - 0:17:16 - 112000 - Discriminator loss: 0.5549 - 221 samples/s
INFO - 07/14/20 15:58:09 - 0:17:52 - 116000 - Discriminator loss: 0.5550 - 218 samples/s
INFO - 07/14/20 15:58:45 - 0:18:28 - 120000 - Discriminator loss: 0.5546 - 224 samples/s
INFO - 07/14/20 15:59:21 - 0:19:04 - 124000 - Discriminator loss: 0.5572 - 221 samples/s
INFO - 07/14/20 15:59:59 - 0:19:41 - 128000 - Discriminator loss: 0.5568 - 212 samples/s
INFO - 07/14/20 16:00:35 - 0:20:18 - 132000 - Discriminator loss: 0.5586 - 220 samples/s
INFO - 07/14/20 16:01:11 - 0:20:54 - 136000 - Discriminator loss: 0.5535 - 222 samples/s
INFO - 07/14/20 16:01:47 - 0:21:29 - 140000 - Discriminator loss: 0.5529 - 223 samples/s
INFO - 07/14/20 16:02:23 - 0:22:05 - 144000 - Discriminator loss: 0.5570 - 223 samples/s
INFO - 07/14/20 16:02:58 - 0:22:41 - 148000 - Discriminator loss: 0.5561 - 224 samples/s
INFO - 07/14/20 16:03:34 - 0:23:17 - 152000 - Discriminator loss: 0.5558 - 221 samples/s
INFO - 07/14/20 16:04:10 - 0:23:52 - 156000 - Discriminator loss: 0.5567 - 226 samples/s
INFO - 07/14/20 16:04:45 - 0:24:28 - 160000 - Discriminator loss: 0.5523 - 224 samples/s
INFO - 07/14/20 16:05:21 - 0:25:04 - 164000 - Discriminator loss: 0.5501 - 223 samples/s
INFO - 07/14/20 16:05:56 - 0:25:39 - 168000 - Discriminator loss: 0.5507 - 228 samples/s
INFO - 07/14/20 16:06:32 - 0:26:14 - 172000 - Discriminator loss: 0.5526 - 224 samples/s
INFO - 07/14/20 16:07:07 - 0:26:50 - 176000 - Discriminator loss: 0.5483 - 226 samples/s
INFO - 07/14/20 16:07:43 - 0:27:25 - 180000 - Discriminator loss: 0.5505 - 225 samples/s
INFO - 07/14/20 16:08:18 - 0:28:01 - 184000 - Discriminator loss: 0.5487 - 225 samples/s
INFO - 07/14/20 16:08:54 - 0:28:36 - 188000 - Discriminator loss: 0.5506 - 226 samples/s
INFO - 07/14/20 16:09:29 - 0:29:12 - 192000 - Discriminator loss: 0.5488 - 224 samples/s
INFO - 07/14/20 16:10:04 - 0:29:47 - 196000 - Discriminator loss: 0.5493 - 227 samples/s
INFO - 07/14/20 16:10:40 - 0:30:23 - 200000 - Discriminator loss: 0.5486 - 222 samples/s
INFO - 07/14/20 16:11:15 - 0:30:58 - 204000 - Discriminator loss: 0.5489 - 228 samples/s
INFO - 07/14/20 16:11:51 - 0:31:33 - 208000 - Discriminator loss: 0.5473 - 224 samples/s
INFO - 07/14/20 16:12:27 - 0:32:09 - 212000 - Discriminator loss: 0.5511 - 224 samples/s
INFO - 07/14/20 16:13:02 - 0:32:45 - 216000 - Discriminator loss: 0.5475 - 225 samples/s
INFO - 07/14/20 16:13:38 - 0:33:20 - 220000 - Discriminator loss: 0.5451 - 225 samples/s
INFO - 07/14/20 16:14:13 - 0:33:56 - 224000 - Discriminator loss: 0.5428 - 225 samples/s
INFO - 07/14/20 16:14:48 - 0:34:31 - 228000 - Discriminator loss: 0.5465 - 225 samples/s
INFO - 07/14/20 16:15:24 - 0:35:07 - 232000 - Discriminator loss: 0.5463 - 225 samples/s
INFO - 07/14/20 16:15:59 - 0:35:42 - 236000 - Discriminator loss: 0.5462 - 227 samples/s
INFO - 07/14/20 16:16:35 - 0:36:17 - 240000 - Discriminator loss: 0.5471 - 223 samples/s
INFO - 07/14/20 16:17:10 - 0:36:53 - 244000 - Discriminator loss: 0.5465 - 225 samples/s
INFO - 07/14/20 16:17:45 - 0:37:28 - 248000 - Discriminator loss: 0.5435 - 227 samples/s
INFO - 07/14/20 16:18:21 - 0:38:04 - 252000 - Discriminator loss: 0.5455 - 225 samples/s
INFO - 07/14/20 16:18:56 - 0:38:38 - 256000 - Discriminator loss: 0.5443 - 229 samples/s
INFO - 07/14/20 16:19:31 - 0:39:14 - 260000 - Discriminator loss: 0.5443 - 224 samples/s
INFO - 07/14/20 16:20:07 - 0:39:49 - 264000 - Discriminator loss: 0.5450 - 226 samples/s
INFO - 07/14/20 16:20:43 - 0:40:26 - 268000 - Discriminator loss: 0.5408 - 220 samples/s
INFO - 07/14/20 16:21:19 - 0:41:01 - 272000 - Discriminator loss: 0.5469 - 222 samples/s
INFO - 07/14/20 16:21:55 - 0:41:37 - 276000 - Discriminator loss: 0.5431 - 222 samples/s
INFO - 07/14/20 16:22:31 - 0:42:13 - 280000 - Discriminator loss: 0.5413 - 222 samples/s
INFO - 07/14/20 16:23:06 - 0:42:49 - 284000 - Discriminator loss: 0.5413 - 226 samples/s
INFO - 07/14/20 16:23:42 - 0:43:25 - 288000 - Discriminator loss: 0.5442 - 221 samples/s
INFO - 07/14/20 16:24:18 - 0:44:00 - 292000 - Discriminator loss: 0.5416 - 226 samples/s
INFO - 07/14/20 16:24:53 - 0:44:36 - 296000 - Discriminator loss: 0.5415 - 224 samples/s
INFO - 07/14/20 16:25:29 - 0:45:12 - 300000 - Discriminator loss: 0.5410 - 222 samples/s
INFO - 07/14/20 16:26:05 - 0:45:48 - 304000 - Discriminator loss: 0.5433 - 222 samples/s
INFO - 07/14/20 16:26:41 - 0:46:23 - 308000 - Discriminator loss: 0.5436 - 224 samples/s
INFO - 07/14/20 16:27:16 - 0:46:59 - 312000 - Discriminator loss: 0.5426 - 225 samples/s
INFO - 07/14/20 16:27:52 - 0:47:34 - 316000 - Discriminator loss: 0.5394 - 224 samples/s
INFO - 07/14/20 16:28:28 - 0:48:10 - 320000 - Discriminator loss: 0.5412 - 222 samples/s
INFO - 07/14/20 16:29:03 - 0:48:45 - 324000 - Discriminator loss: 0.5423 - 227 samples/s
INFO - 07/14/20 16:29:38 - 0:49:21 - 328000 - Discriminator loss: 0.5408 - 224 samples/s
INFO - 07/14/20 16:30:14 - 0:49:57 - 332000 - Discriminator loss: 0.5403 - 225 samples/s
INFO - 07/14/20 16:30:50 - 0:50:32 - 336000 - Discriminator loss: 0.5415 - 224 samples/s
INFO - 07/14/20 16:31:25 - 0:51:08 - 340000 - Discriminator loss: 0.5464 - 224 samples/s
INFO - 07/14/20 16:32:00 - 0:51:43 - 344000 - Discriminator loss: 0.5422 - 226 samples/s
INFO - 07/14/20 16:32:36 - 0:52:19 - 348000 - Discriminator loss: 0.5417 - 224 samples/s
INFO - 07/14/20 16:33:13 - 0:52:56 - 352000 - Discriminator loss: 0.5404 - 216 samples/s
INFO - 07/14/20 16:33:51 - 0:53:34 - 356000 - Discriminator loss: 0.5401 - 210 samples/s
INFO - 07/14/20 16:34:32 - 0:54:14 - 360000 - Discriminator loss: 0.5392 - 196 samples/s
INFO - 07/14/20 16:35:11 - 0:54:54 - 364000 - Discriminator loss: 0.5375 - 201 samples/s
INFO - 07/14/20 16:35:51 - 0:55:34 - 368000 - Discriminator loss: 0.5379 - 202 samples/s
INFO - 07/14/20 16:36:31 - 0:56:14 - 372000 - Discriminator loss: 0.5408 - 199 samples/s
INFO - 07/14/20 16:37:11 - 0:56:53 - 376000 - Discriminator loss: 0.5410 - 200 samples/s
INFO - 07/14/20 16:37:50 - 0:57:33 - 380000 - Discriminator loss: 0.5393 - 202 samples/s
INFO - 07/14/20 16:38:30 - 0:58:13 - 384000 - Discriminator loss: 0.5409 - 199 samples/s
INFO - 07/14/20 16:39:10 - 0:58:53 - 388000 - Discriminator loss: 0.5402 - 201 samples/s
INFO - 07/14/20 16:39:50 - 0:59:32 - 392000 - Discriminator loss: 0.5376 - 201 samples/s
INFO - 07/14/20 16:40:31 - 1:00:14 - 396000 - Discriminator loss: 0.5341 - 194 samples/s
INFO - 07/14/20 16:41:11 - 1:00:54 - 400000 - Discriminator loss: 0.5367 - 199 samples/s
INFO - 07/14/20 16:41:51 - 1:01:33 - 404000 - Discriminator loss: 0.5381 - 202 samples/s
INFO - 07/14/20 16:42:31 - 1:02:14 - 408000 - Discriminator loss: 0.5385 - 198 samples/s
INFO - 07/14/20 16:43:11 - 1:02:54 - 412000 - Discriminator loss: 0.5389 - 200 samples/s
INFO - 07/14/20 16:43:50 - 1:03:33 - 416000 - Discriminator loss: 0.5377 - 204 samples/s
INFO - 07/14/20 16:44:31 - 1:04:13 - 420000 - Discriminator loss: 0.5342 - 197 samples/s
INFO - 07/14/20 16:45:11 - 1:04:53 - 424000 - Discriminator loss: 0.5389 - 200 samples/s
INFO - 07/14/20 16:45:50 - 1:05:33 - 428000 - Discriminator loss: 0.5380 - 202 samples/s
INFO - 07/14/20 16:46:30 - 1:06:12 - 432000 - Discriminator loss: 0.5385 - 200 samples/s
INFO - 07/14/20 16:47:09 - 1:06:52 - 436000 - Discriminator loss: 0.5340 - 202 samples/s
INFO - 07/14/20 16:47:48 - 1:07:31 - 440000 - Discriminator loss: 0.5372 - 204 samples/s
INFO - 07/14/20 16:48:30 - 1:08:13 - 444000 - Discriminator loss: 0.5357 - 190 samples/s
INFO - 07/14/20 16:49:10 - 1:08:52 - 448000 - Discriminator loss: 0.5355 - 203 samples/s
INFO - 07/14/20 16:49:49 - 1:09:32 - 452000 - Discriminator loss: 0.5345 - 202 samples/s
INFO - 07/14/20 16:50:30 - 1:10:12 - 456000 - Discriminator loss: 0.5378 - 198 samples/s
INFO - 07/14/20 16:51:10 - 1:10:52 - 460000 - Discriminator loss: 0.5337 - 199 samples/s
INFO - 07/14/20 16:51:50 - 1:11:33 - 464000 - Discriminator loss: 0.5348 - 197 samples/s
INFO - 07/14/20 16:52:30 - 1:12:13 - 468000 - Discriminator loss: 0.5337 - 199 samples/s
INFO - 07/14/20 16:53:10 - 1:12:53 - 472000 - Discriminator loss: 0.5366 - 202 samples/s
INFO - 07/14/20 16:53:50 - 1:13:33 - 476000 - Discriminator loss: 0.5360 - 199 samples/s
INFO - 07/14/20 16:54:31 - 1:14:13 - 480000 - Discriminator loss: 0.5336 - 197 samples/s
INFO - 07/14/20 16:55:10 - 1:14:53 - 484000 - Discriminator loss: 0.5304 - 202 samples/s
INFO - 07/14/20 16:55:51 - 1:15:34 - 488000 - Discriminator loss: 0.5342 - 193 samples/s
INFO - 07/14/20 16:56:32 - 1:16:15 - 492000 - Discriminator loss: 0.5311 - 197 samples/s
INFO - 07/14/20 16:57:12 - 1:16:55 - 496000 - Discriminator loss: 0.5329 - 197 samples/s
INFO - 07/14/20 16:57:53 - 1:17:36 - 500000 - Discriminator loss: 0.5313 - 196 samples/s
INFO - 07/14/20 16:58:34 - 1:18:16 - 504000 - Discriminator loss: 0.5350 - 197 samples/s
INFO - 07/14/20 16:59:14 - 1:18:57 - 508000 - Discriminator loss: 0.5331 - 196 samples/s
INFO - 07/14/20 16:59:55 - 1:19:38 - 512000 - Discriminator loss: 0.5323 - 194 samples/s
INFO - 07/14/20 17:00:38 - 1:20:20 - 516000 - Discriminator loss: 0.5356 - 189 samples/s
INFO - 07/14/20 17:01:18 - 1:21:01 - 520000 - Discriminator loss: 0.5334 - 196 samples/s
INFO - 07/14/20 17:01:59 - 1:21:41 - 524000 - Discriminator loss: 0.5335 - 196 samples/s
INFO - 07/14/20 17:02:39 - 1:22:21 - 528000 - Discriminator loss: 0.5309 - 200 samples/s
INFO - 07/14/20 17:03:20 - 1:23:02 - 532000 - Discriminator loss: 0.5318 - 195 samples/s
INFO - 07/14/20 17:04:00 - 1:23:43 - 536000 - Discriminator loss: 0.5344 - 197 samples/s
INFO - 07/14/20 17:04:40 - 1:24:23 - 540000 - Discriminator loss: 0.5302 - 198 samples/s
INFO - 07/14/20 17:05:21 - 1:25:03 - 544000 - Discriminator loss: 0.5339 - 198 samples/s
INFO - 07/14/20 17:06:01 - 1:25:44 - 548000 - Discriminator loss: 0.5303 - 197 samples/s
INFO - 07/14/20 17:06:41 - 1:26:24 - 552000 - Discriminator loss: 0.5342 - 198 samples/s
INFO - 07/14/20 17:07:22 - 1:27:05 - 556000 - Discriminator loss: 0.5268 - 195 samples/s
INFO - 07/14/20 17:08:00 - 1:27:42 - 560000 - Discriminator loss: 0.5335 - 214 samples/s
INFO - 07/14/20 17:08:35 - 1:28:17 - 564000 - Discriminator loss: 0.5310 - 227 samples/s
INFO - 07/14/20 17:09:10 - 1:28:53 - 568000 - Discriminator loss: 0.5302 - 225 samples/s
INFO - 07/14/20 17:09:47 - 1:29:29 - 572000 - Discriminator loss: 0.5303 - 219 samples/s
INFO - 07/14/20 17:10:25 - 1:30:07 - 576000 - Discriminator loss: 0.5308 - 212 samples/s
INFO - 07/14/20 17:11:02 - 1:30:45 - 580000 - Discriminator loss: 0.5311 - 214 samples/s
INFO - 07/14/20 17:11:39 - 1:31:21 - 584000 - Discriminator loss: 0.5287 - 218 samples/s
INFO - 07/14/20 17:12:15 - 1:31:58 - 588000 - Discriminator loss: 0.5340 - 217 samples/s
INFO - 07/14/20 17:12:56 - 1:32:39 - 592000 - Discriminator loss: 0.5320 - 196 samples/s
INFO - 07/14/20 17:13:38 - 1:33:20 - 596000 - Discriminator loss: 0.5310 - 191 samples/s
INFO - 07/14/20 17:14:16 - 1:33:58 - 600000 - Discriminator loss: 0.5267 - 211 samples/s
