INFO - 07/15/20 10:11:25 - 0:00:00 - ============ Initialized logger ============
INFO - 07/15/20 10:11:25 - 0:00:00 - adversarial: True
                                     batch_size: 32
                                     cuda: True
                                     dico_build: S2T
                                     dico_eval: default
                                     dico_max_rank: 15000
                                     dico_max_size: 0
                                     dico_method: csls_knn_10
                                     dico_min_size: 0
                                     dico_threshold: 0
                                     dis_clip_weights: 0
                                     dis_dropout: 0.0
                                     dis_hid_dim: 2048
                                     dis_input_dropout: 0.1
                                     dis_lambda: 1
                                     dis_layers: 2
                                     dis_most_frequent: 75000
                                     dis_optimizer: sgd,lr=0.1
                                     dis_smooth: 0.1
                                     dis_steps: 5
                                     emb_dim: 100
                                     epoch_size: 500
                                     exp_id: 
                                     exp_name: debug
                                     exp_path: C:\Users\ASUS\Desktop\MUSE-master\dumped\debug\rimzz4ihmx
                                     export: txt
                                     lr_decay: 0.98
                                     lr_shrink: 0.5
                                     map_beta: 0.001
                                     map_id_init: True
                                     map_optimizer: sgd,lr=0.1
                                     max_vocab: 521242
                                     min_lr: 1e-06
                                     n_epochs: 5
                                     n_refinement: 5
                                     normalize_embeddings: center
                                     seed: -1
                                     src_emb: data/tcn_embed.vec
                                     src_lang: zh
                                     tgt_emb: data/en_embed.vec
                                     tgt_lang: en
                                     verbose: 2
INFO - 07/15/20 10:11:26 - 0:00:01 - The experiment will be stored in C:\Users\ASUS\Desktop\MUSE-master\dumped\debug\rimzz4ihmx
INFO - 07/15/20 10:12:31 - 0:01:06 - Loaded 521242 pre-trained word embeddings.
INFO - 07/15/20 10:12:57 - 0:01:32 - Loaded 94646 pre-trained word embeddings.
INFO - 07/15/20 10:12:58 - 0:01:33 - ----> ADVERSARIAL TRAINING <----
                                     
                                     
INFO - 07/15/20 10:12:58 - 0:01:33 - Starting adversarial training epoch 0...
INFO - 07/15/20 10:12:58 - 0:01:33 - 000000 - Discriminator loss: 0.6926 - 116 samples/s
INFO - 07/15/20 10:13:27 - 0:02:02 - Building the train dictionary ...
INFO - 07/15/20 10:13:27 - 0:02:02 - New train dictionary of 2960 pairs.
INFO - 07/15/20 10:13:27 - 0:02:02 - Mean cosine (nn method, S2T build, 10000 max size): 0.38671
